<?xml version="1.0" encoding="UTF-8"?>
<testng-results ignored="0" total="1" passed="1" failed="0" skipped="0">
  <reporter-output>
  </reporter-output>
  <suite started-at="2024-12-10T12:23:00 IST" name="Default suite" finished-at="2024-12-10T12:23:01 IST" duration-ms="1073">
    <groups>
    </groups>
    <test started-at="2024-12-10T12:23:00 IST" name="Default test" finished-at="2024-12-10T12:23:01 IST" duration-ms="1073">
      <class name="com.api.testswireMockPractice.GETAPICall_Approach2">
        <test-method signature="methodToMakeGETCall()[pri:0, instance:com.api.testswireMockPractice.GETAPICall_Approach2@3f9342d4]" started-at="2024-12-10T12:23:00 IST" name="methodToMakeGETCall" finished-at="2024-12-10T12:23:01 IST" duration-ms="985" status="PASS">
          <reporter-output>
          </reporter-output>
        </test-method> <!-- methodToMakeGETCall -->
      </class> <!-- com.api.testswireMockPractice.GETAPICall_Approach2 -->
    </test> <!-- Default test -->
  </suite> <!-- Default suite -->
</testng-results>
